2020-01-04 11:40:22,208 root __check_invoice_button_onSubmit: applicationPath: C:\invoiceFeatureExtraction-master
2020-01-04 11:40:22,212 root __check_invoice_button_onSubmit: starting __provideDataforEngine
2020-01-04 11:40:22,214 root __check_invoice_button_onSubmit: __provideDataforEngine completed
2020-01-04 11:40:22,214 root __check_invoice_button_onSubmit: starting __startEngine
2020-01-04 11:40:22,215 root __startEngine: subprocess starting
2020-01-04 11:40:22,232 root __startEngine: subprocess running
2020-01-04 11:41:40,458 root __check_invoice_button_onSubmit: __startEngine completed
2020-01-04 11:44:23,569 root __check_invoice_button_onSubmit: applicationPath: c:\invoiceFeatureExtraction-master
2020-01-04 11:44:23,577 root __check_invoice_button_onSubmit: starting __provideDataforEngine
2020-01-04 11:44:23,582 root __check_invoice_button_onSubmit: __provideDataforEngine completed
2020-01-04 11:44:23,583 root __check_invoice_button_onSubmit: starting __startEngine
2020-01-04 11:44:23,587 root __startEngine: subprocess starting
2020-01-04 11:44:23,620 root __startEngine: subprocess running
2020-01-04 11:48:37,437 root __check_invoice_button_onSubmit: applicationPath: c:\invoiceFeatureExtraction-master
2020-01-04 11:48:37,460 root __check_invoice_button_onSubmit: starting __provideDataforEngine
2020-01-04 11:48:37,467 root __check_invoice_button_onSubmit: __provideDataforEngine completed
2020-01-04 11:48:37,468 root __check_invoice_button_onSubmit: starting __startEngine
2020-01-04 11:48:37,474 root __startEngine: subprocess starting
2020-01-04 11:48:37,559 root __startEngine: subprocess running
2020-01-04 11:55:59,997 root __check_invoice_button_onSubmit: applicationPath: c:\invoiceFeatureExtraction-master
2020-01-04 11:56:00,011 root __check_invoice_button_onSubmit: starting __provideDataforEngine
2020-01-04 11:56:00,016 root __check_invoice_button_onSubmit: __provideDataforEngine completed
2020-01-04 11:56:00,016 root __check_invoice_button_onSubmit: starting __startEngine
2020-01-04 11:56:00,019 root __startEngine: subprocess starting
2020-01-04 11:56:00,051 root __startEngine: subprocess running
2020-01-04 11:58:09,476 root __check_invoice_button_onSubmit: __startEngine completed
2020-01-04 11:58:54,699 root __check_invoice_button_onSubmit: applicationPath: c:\invoiceFeatureExtraction-master
2020-01-04 11:58:54,712 root __check_invoice_button_onSubmit: starting __provideDataforEngine
2020-01-04 11:58:54,716 root __check_invoice_button_onSubmit: __provideDataforEngine completed
2020-01-04 11:58:54,717 root __check_invoice_button_onSubmit: starting __startEngine
2020-01-04 11:58:54,720 root __startEngine: subprocess starting
2020-01-04 11:58:54,767 root __startEngine: subprocess running
2020-01-04 12:09:20,996 root __check_invoice_button_onSubmit: applicationPath: c:\invoiceFeatureExtraction-master
2020-01-04 12:09:21,006 root __check_invoice_button_onSubmit: starting __provideDataforEngine
2020-01-04 12:09:21,009 root __check_invoice_button_onSubmit: __provideDataforEngine completed
2020-01-04 12:09:21,010 root __check_invoice_button_onSubmit: starting __startEngine
2020-01-04 12:09:21,013 root __startEngine: subprocess starting
2020-01-04 12:13:49,888 root __check_invoice_button_onSubmit: applicationPath: c:\invoiceFeatureExtraction-master
2020-01-04 12:13:49,919 root __check_invoice_button_onSubmit: starting __provideDataforEngine
2020-01-04 12:13:49,926 root __check_invoice_button_onSubmit: __provideDataforEngine completed
2020-01-04 12:13:49,927 root __check_invoice_button_onSubmit: starting __startEngine
2020-01-04 12:13:49,932 root __startEngine: subprocess starting
2020-01-04 12:16:07,845 root __check_invoice_button_onSubmit: applicationPath: c:\invoiceFeatureExtraction-master
2020-01-04 12:16:07,854 root __check_invoice_button_onSubmit: starting __provideDataforEngine
2020-01-04 12:16:07,857 root __check_invoice_button_onSubmit: __provideDataforEngine completed
2020-01-04 12:16:07,857 root __check_invoice_button_onSubmit: starting __startEngine
2020-01-04 12:16:07,860 root __startEngine: subprocess starting
2020-01-04 12:37:31,534 root __check_invoice_button_onSubmit: applicationPath: c:\invoiceFeatureExtraction-master
2020-01-04 12:37:31,543 root __check_invoice_button_onSubmit: starting __provideDataforEngine
2020-01-04 12:37:31,546 root __check_invoice_button_onSubmit: __provideDataforEngine completed
2020-01-04 12:37:31,546 root __check_invoice_button_onSubmit: starting __startEngine
2020-01-04 12:37:31,549 root __startEngine: subprocess starting
2020-01-04 12:37:35,377 root __startEngine: subprocess running
2020-01-04 12:38:57,872 root __check_invoice_button_onSubmit: applicationPath: c:\invoiceFeatureExtraction-master
2020-01-04 12:38:57,882 root __check_invoice_button_onSubmit: starting __provideDataforEngine
2020-01-04 12:38:57,885 root __check_invoice_button_onSubmit: __provideDataforEngine completed
2020-01-04 12:38:57,885 root __check_invoice_button_onSubmit: starting __startEngine
2020-01-04 12:38:57,888 root __startEngine: subprocess starting
2020-01-04 12:39:01,510 root __startEngine: subprocess running
2020-01-04 12:41:06,773 root __check_invoice_button_onSubmit: applicationPath: c:\invoiceFeatureExtraction-master
2020-01-04 12:41:06,783 root __check_invoice_button_onSubmit: starting __provideDataforEngine
2020-01-04 12:41:06,786 root __check_invoice_button_onSubmit: __provideDataforEngine completed
2020-01-04 12:41:06,786 root __check_invoice_button_onSubmit: starting __startEngine
2020-01-04 12:41:06,790 root __startEngine: subprocess starting
2020-01-04 12:41:09,720 root __startEngine: subprocess running
2020-01-04 12:42:20,801 root __check_invoice_button_onSubmit: applicationPath: c:\invoiceFeatureExtraction-master
2020-01-04 12:42:20,813 root __check_invoice_button_onSubmit: starting __provideDataforEngine
2020-01-04 12:42:20,817 root __check_invoice_button_onSubmit: __provideDataforEngine completed
2020-01-04 12:42:20,818 root __check_invoice_button_onSubmit: starting __startEngine
2020-01-04 12:42:20,822 root __startEngine: subprocess starting
2020-01-04 12:42:22,764 root __startEngine: subprocess running
2020-01-04 12:44:59,413 root __check_invoice_button_onSubmit: applicationPath: c:\invoiceFeatureExtraction-master
2020-01-04 12:44:59,431 root __check_invoice_button_onSubmit: starting __provideDataforEngine
2020-01-04 12:44:59,437 root __check_invoice_button_onSubmit: __provideDataforEngine completed
2020-01-04 12:44:59,438 root __check_invoice_button_onSubmit: starting __startEngine
2020-01-04 12:44:59,444 root __startEngine: subprocess starting
2020-01-04 12:45:02,690 root __startEngine: subprocess running
2020-01-04 12:46:43,377 root __check_invoice_button_onSubmit: applicationPath: c:\invoiceFeatureExtraction-master
2020-01-04 12:46:43,389 root __check_invoice_button_onSubmit: starting __provideDataforEngine
2020-01-04 12:46:43,393 root __check_invoice_button_onSubmit: __provideDataforEngine completed
2020-01-04 12:46:43,394 root __check_invoice_button_onSubmit: starting __startEngine
2020-01-04 12:46:43,398 root __startEngine: subprocess starting
2020-01-04 12:46:46,391 root __startEngine: subprocess running
2020-01-04 12:50:25,256 root __check_invoice_button_onSubmit: applicationPath: c:\invoiceFeatureExtraction-master
2020-01-04 12:50:25,265 root __check_invoice_button_onSubmit: starting __provideDataforEngine
2020-01-04 12:50:25,268 root __check_invoice_button_onSubmit: __provideDataforEngine completed
2020-01-04 12:50:25,268 root __check_invoice_button_onSubmit: starting __startEngine
2020-01-04 12:50:25,271 root __startEngine: subprocess starting
2020-01-04 12:50:38,837 root __startEngine: subprocess running
2020-01-04 12:51:32,414 root __check_invoice_button_onSubmit: __startEngine completed
2020-01-04 12:52:20,055 root __check_invoice_button_onSubmit: applicationPath: c:\invoiceFeatureExtraction-master
2020-01-04 12:52:20,068 root __check_invoice_button_onSubmit: starting __provideDataforEngine
2020-01-04 12:52:20,075 root __check_invoice_button_onSubmit: __provideDataforEngine completed
2020-01-04 12:52:20,076 root __check_invoice_button_onSubmit: starting __startEngine
2020-01-04 12:52:20,081 root __startEngine: subprocess starting
2020-01-04 12:52:20,134 root __startEngine: subprocess running
2020-01-04 12:53:27,069 root __check_invoice_button_onSubmit: __startEngine completed
2020-01-04 13:06:21,692 root __check_invoice_button_onSubmit: applicationPath: c:\invoiceFeatureExtraction-master
2020-01-04 13:06:21,702 root __check_invoice_button_onSubmit: starting __provideDataforEngine
2020-01-04 13:06:21,705 root __check_invoice_button_onSubmit: __provideDataforEngine completed
2020-01-04 13:06:21,705 root __check_invoice_button_onSubmit: starting __startEngine
2020-01-04 13:06:21,708 root __startEngine: subprocess starting
2020-01-04 13:14:50,453 root invoicePanel: user did not spec destination file (*.xlsx)
2020-01-04 13:15:47,040 root invoicePanel: user did not spec destination file (*.xlsx)
2020-01-04 13:17:09,204 root invoicePanel: user did not spec destination file (*.xlsx)
2020-01-04 13:23:38,742 root invoicePanel: user did not spec destination file (*.xlsx)
2020-01-04 13:32:08,458 root invoicePanel: user did not spec destination file (*.xlsx)
2020-01-04 13:38:17,553 root invoicePanel: user did not spec destination file (*.xlsx)
2020-01-04 13:38:17,562 root __check_invoice_button_onSubmit: applicationPath: C:\invoiceFeatureExtraction-master
2020-01-04 13:38:17,563 root __check_invoice_button_onSubmit: starting __provideDataforEngine
2020-01-04 13:38:17,564 root __check_invoice_button_onSubmit: __provideDataforEngine completed
2020-01-04 13:38:17,565 root __check_invoice_button_onSubmit: starting __startEngine
2020-01-04 13:38:17,570 root __startEngine: subprocess starting
2020-01-04 13:38:17,591 root __startEngine: subprocess running
2020-01-04 13:39:34,418 root __check_invoice_button_onSubmit: __startEngine completed
2020-01-04 13:41:45,414 root invoicePanel: user did not spec destination file (*.xlsx)
2020-01-04 13:41:51,906 root __check_invoice_button_onSubmit: applicationPath: c:\invoiceFeatureExtraction-master
2020-01-04 13:46:30,521 root invoicePanel: user did not spec destination file (*.xlsx)
2020-01-04 13:47:50,713 root invoicePanel: user did not spec destination file (*.xlsx)
2020-01-04 13:51:25,505 root invoicePanel: user did not spec destination file (*.xlsx)
2020-01-04 13:52:21,725 root invoicePanel: user did not spec destination file (*.xlsx)
2020-01-04 13:52:23,862 root __check_invoice_button_onSubmit: applicationPath: c:\invoiceFeatureExtraction-master
2020-01-04 13:53:03,851 root invoicePanel: user did not spec destination file (*.xlsx)
2020-01-04 13:53:03,857 root __check_invoice_button_onSubmit: applicationPath: C:\invoiceFeatureExtraction-master
2020-01-04 13:53:03,859 root __check_invoice_button_onSubmit: starting __provideDataforEngine
2020-01-04 13:53:03,861 root __check_invoice_button_onSubmit: __provideDataforEngine completed
2020-01-04 13:53:03,861 root __check_invoice_button_onSubmit: starting __startEngine
2020-01-04 13:53:03,863 root __startEngine: subprocess starting
2020-01-04 13:53:04,482 root __startEngine: subprocess running
2020-01-04 13:54:07,303 root __check_invoice_button_onSubmit: __startEngine completed
2020-01-08 09:16:38,562 root __check_invoice_button_onSubmit: applicationPath: c:\invoiceFeatureExtraction-master
2020-01-08 09:16:44,099 root __check_invoice_button_onSubmit: starting __provideDataforEngine
2020-01-08 09:16:44,102 root __check_invoice_button_onSubmit: __provideDataforEngine completed
2020-01-08 09:16:44,103 root __check_invoice_button_onSubmit: starting __startEngine
2020-01-08 09:16:44,105 root __startEngine: subprocess starting
2020-01-08 09:16:46,359 root __startEngine: subprocess running
2020-01-08 09:17:45,849 root __check_invoice_button_onSubmit: __startEngine completed
2020-01-08 09:26:03,077 root __check_invoice_button_onSubmit: applicationPath: c:\invoiceFeatureExtraction-master
2020-01-08 09:26:03,088 root __check_invoice_button_onSubmit: starting __provideDataforEngine
2020-01-08 09:26:03,091 root __check_invoice_button_onSubmit: __provideDataforEngine completed
2020-01-08 09:26:03,092 root __check_invoice_button_onSubmit: starting __startEngine
2020-01-08 09:26:20,605 root __check_invoice_button_onSubmit: __startEngine completed
2020-01-08 09:38:06,881 root __check_invoice_button_onSubmit: applicationPath: c:\invoiceFeatureExtraction-master
2020-01-08 09:38:06,885 root __check_invoice_button_onSubmit: starting __provideDataforEngine
2020-01-08 09:38:06,886 root __check_invoice_button_onSubmit: __provideDataforEngine completed
2020-01-08 09:38:06,886 root __check_invoice_button_onSubmit: starting __startEngine
2020-01-08 09:38:06,887 root __startEngine: subprocess starting
2020-01-08 09:38:06,916 root __startEngine: subprocess running
2020-01-08 09:39:33,569 root __check_invoice_button_onSubmit: applicationPath: C:\invoiceFeatureExtraction-master
2020-01-08 09:39:33,578 root __check_invoice_button_onSubmit: starting __provideDataforEngine
2020-01-08 09:39:33,582 root __check_invoice_button_onSubmit: __provideDataforEngine completed
2020-01-08 09:39:33,582 root __check_invoice_button_onSubmit: starting __startEngine
2020-01-08 09:39:33,585 root __startEngine: subprocess starting
2020-01-08 09:39:33,629 root __startEngine: subprocess running
2020-01-08 09:40:26,853 root __check_invoice_button_onSubmit: __startEngine completed
2020-01-08 09:54:23,969 root __check_invoice_button_onSubmit: applicationPath: C:\invoiceFeatureExtraction-master
2020-01-08 09:54:23,971 root __check_invoice_button_onSubmit: starting __provideDataforEngine
2020-01-08 09:54:23,973 root __check_invoice_button_onSubmit: __provideDataforEngine completed
2020-01-08 09:54:23,974 root __check_invoice_button_onSubmit: starting __startEngine
2020-01-08 09:54:23,975 root __startEngine: subprocess starting
2020-01-08 09:54:24,034 root __startEngine: subprocess running
2020-01-08 09:55:20,280 root __check_invoice_button_onSubmit: __startEngine completed
2020-01-08 10:03:45,243 root __check_invoice_button_onSubmit: applicationPath: C:\invoiceFeatureExtraction-master
2020-01-08 10:03:45,248 root __check_invoice_button_onSubmit: starting __provideDataforEngine
2020-01-08 10:03:45,250 root __check_invoice_button_onSubmit: __provideDataforEngine completed
2020-01-08 10:03:45,250 root __check_invoice_button_onSubmit: starting __startEngine
2020-01-08 10:03:45,251 root __startEngine: subprocess starting
2020-01-08 10:03:45,270 root __startEngine: subprocess running
2020-01-08 10:06:13,034 root __check_invoice_button_onSubmit: __startEngine completed
2020-01-08 11:02:28,702 root __check_invoice_button_onSubmit: applicationPath: c:\invoiceFeatureExtraction-master
2020-01-08 11:02:28,711 root __check_invoice_button_onSubmit: starting __provideDataforEngine
2020-01-08 11:02:28,714 root __check_invoice_button_onSubmit: __provideDataforEngine completed
2020-01-08 11:02:28,714 root __check_invoice_button_onSubmit: starting __startEngine
2020-01-08 11:02:28,716 root __startEngine: subprocess starting
2020-01-08 16:22:16,223 root invoicePanel: user did not spec destination file (*.xlsx)
2020-01-08 16:22:16,232 root __check_invoice_button_onSubmit: applicationPath: C:\invoiceFeatureExtraction-master
2020-01-08 16:22:16,233 root __check_invoice_button_onSubmit: starting __provideDataforEngine
2020-01-08 16:22:16,234 root __check_invoice_button_onSubmit: __provideDataforEngine completed
2020-01-08 16:22:16,234 root __check_invoice_button_onSubmit: starting __startEngine
2020-01-08 16:22:16,235 root __startEngine: subprocess starting
2020-01-08 16:22:21,519 root __startEngine: subprocess running
2020-01-08 16:23:17,841 root __check_invoice_button_onSubmit: __startEngine completed
2020-01-08 16:36:13,021 root invoicePanel: user did not spec destination file (*.xlsx)
2020-01-08 16:36:13,028 root __check_invoice_button_onSubmit: applicationPath: C:\invoiceFeatureExtraction-master
2020-01-08 16:36:13,029 root __check_invoice_button_onSubmit: starting __provideDataforEngine
2020-01-08 16:36:13,031 root __check_invoice_button_onSubmit: __provideDataforEngine completed
2020-01-08 16:36:13,031 root __check_invoice_button_onSubmit: starting __startEngine
2020-01-08 16:36:13,032 root __startEngine: subprocess starting
2020-01-08 16:36:13,048 root __startEngine: subprocess running
2020-01-08 16:37:10,559 root __check_invoice_button_onSubmit: __startEngine completed
